<?xml version="1.0" encoding="UTF-8"?>
<!-- Generated by org.testng.reporters.JUnitXMLReporter -->
<testsuite ignored="0" hostname="LAPTOP-IU6O74V4" failures="1" tests="1" name="Test" time="9.719" errors="0" timestamp="09 Dec 2022 17:06:07 GMT">
  <testcase classname="org.testCase.TestScript2" name="@AfterClass after1" time="0.0">
    <failure type="java.lang.NullPointerException" message="Cannot invoke &amp;quot;org.openqa.selenium.WebDriver.quit()&amp;quot; because &amp;quot;this.driver&amp;quot; is null">
      <![CDATA[java.lang.NullPointerException: Cannot invoke "org.openqa.selenium.WebDriver.quit()" because "this.driver" is null
	at org.testCase.TestScript2.after1(TestScript2.java:82)
... Removed 23 stack frames]]>
    </failure>
  </testcase> <!-- @AfterClass after1 -->
  <testcase classname="org.testCase.TestScript2" name="test1" time="0.85">
    <failure type="java.lang.AssertionError" message="expected [true] but found [false]">
      <![CDATA[java.lang.AssertionError: expected [true] but found [false]
	at org.testCase.TestScript2.test1(TestScript2.java:69)
... Removed 27 stack frames]]>
    </failure>
  </testcase> <!-- test1 -->
</testsuite> <!-- Test -->
