<?xml version="1.0" encoding="UTF-8"?>
<testng-results ignored="0" total="2" passed="2" failed="0" skipped="0">
  <reporter-output>
  </reporter-output>
  <suite started-at="2022-12-06T15:41:29Z" name="Command line suite" finished-at="2022-12-06T15:41:44Z" duration-ms="15179">
    <groups>
    </groups>
    <test started-at="2022-12-06T15:41:29Z" name="Command line test" finished-at="2022-12-06T15:41:44Z" duration-ms="15179">
      <class name="org.testCase.TestScript1">
        <test-method is-config="true" signature="browserLaunch()[pri:0, instance:org.testCase.TestScript1@1f021e6c]" started-at="2022-12-06T21:11:29Z" name="browserLaunch" finished-at="2022-12-06T21:11:39Z" duration-ms="10149" status="PASS">
          <reporter-output>
          </reporter-output>
        </test-method> <!-- browserLaunch -->
        <test-method is-config="true" signature="before()[pri:0, instance:org.testCase.TestScript1@1f021e6c]" started-at="2022-12-06T21:11:39Z" name="before" finished-at="2022-12-06T21:11:39Z" duration-ms="8" status="PASS">
          <reporter-output>
          </reporter-output>
        </test-method> <!-- before -->
        <test-method signature="test1()[pri:0, instance:org.testCase.TestScript1@1f021e6c]" started-at="2022-12-06T21:11:39Z" name="test1" finished-at="2022-12-06T21:11:43Z" duration-ms="4167" status="PASS">
          <reporter-output>
          </reporter-output>
        </test-method> <!-- test1 -->
        <test-method is-config="true" signature="before()[pri:0, instance:org.testCase.TestScript1@1f021e6c]" started-at="2022-12-06T21:11:43Z" name="before" finished-at="2022-12-06T21:11:43Z" duration-ms="0" status="PASS">
          <reporter-output>
          </reporter-output>
        </test-method> <!-- before -->
        <test-method is-config="true" signature="after()[pri:0, instance:org.testCase.TestScript1@1f021e6c]" started-at="2022-12-06T21:11:43Z" name="after" finished-at="2022-12-06T21:11:43Z" duration-ms="0" status="PASS">
          <reporter-output>
          </reporter-output>
        </test-method> <!-- after -->
        <test-method signature="test2()[pri:0, instance:org.testCase.TestScript1@1f021e6c]" started-at="2022-12-06T21:11:43Z" name="test2" finished-at="2022-12-06T21:11:44Z" duration-ms="176" status="PASS">
          <reporter-output>
          </reporter-output>
        </test-method> <!-- test2 -->
        <test-method is-config="true" signature="after()[pri:0, instance:org.testCase.TestScript1@1f021e6c]" started-at="2022-12-06T21:11:44Z" name="after" finished-at="2022-12-06T21:11:44Z" duration-ms="0" status="PASS">
          <reporter-output>
          </reporter-output>
        </test-method> <!-- after -->
        <test-method is-config="true" signature="afterclass()[pri:0, instance:org.testCase.TestScript1@1f021e6c]" started-at="2022-12-06T21:11:44Z" name="afterclass" finished-at="2022-12-06T21:11:44Z" duration-ms="664" status="PASS">
          <reporter-output>
          </reporter-output>
        </test-method> <!-- afterclass -->
      </class> <!-- org.testCase.TestScript1 -->
    </test> <!-- Command line test -->
  </suite> <!-- Command line suite -->
</testng-results>
